<?xml version="1.0" encoding="UTF-8"?>
<!-- Generated by org.testng.reporters.JUnitReportReporter -->
<testsuite hostname="DESKTOP-77DIHC5" failures="0" tests="3" name="Log4j.log4jdemo" time="0.250" errors="0" timestamp="2022-08-30T18:21:27 IST" skipped="0">
  <testcase classname="Log4j.log4jdemo" name="setup" time="0.241"/>
  <system-out/>
  <testcase classname="Log4j.log4jdemo" name="login" time="0.006"/>
  <system-out/>
  <testcase classname="Log4j.log4jdemo" name="logout" time="0.003"/>
  <system-out/>
</testsuite> <!-- Log4j.log4jdemo -->
