<?xml version="1.0" encoding="UTF-8"?>
<!-- Generated by org.testng.reporters.JUnitReportReporter -->
<testsuite hostname="DESKTOP-77DIHC5" failures="0" tests="2" name="package1.Tc2" time="0.009" errors="0" timestamp="2022-08-19T10:35:51 IST" skipped="0">
  <testcase classname="package1.Tc2" name="m3" time="0.007"/>
  <system-out/>
  <testcase classname="package1.Tc2" name="m4" time="0.002"/>
  <system-out/>
</testsuite> <!-- package1.Tc2 -->
