<?xml version="1.0" encoding="UTF-8"?>
<!-- Generated by org.testng.reporters.JUnitReportReporter -->
<testsuite hostname="DESKTOP-77DIHC5" failures="0" tests="1" name="paramaterisation.logintestforExtent" time="16.583" errors="0" timestamp="2022-09-08T17:44:23 IST" skipped="0">
  <testcase classname="paramaterisation.logintestforExtent" name="logintest" time="16.583"/>
  <system-out/>
</testsuite> <!-- paramaterisation.logintestforExtent -->
