<?xml version="1.0" encoding="UTF-8"?>
<!-- Generated by org.testng.reporters.JUnitReportReporter -->
<testsuite hostname="DESKTOP-77DIHC5" failures="0" tests="2" name="paramaterisation.Test1" time="0.030" errors="0" timestamp="2022-08-20T12:19:22 IST" skipped="0">
  <testcase classname="paramaterisation.Test1" name="m2" time="0.005"/>
  <system-out/>
  <testcase classname="paramaterisation.Test1" name="m1" time="0.025"/>
  <system-out/>
</testsuite> <!-- paramaterisation.Test1 -->
