<?xml version="1.0" encoding="UTF-8"?>
<!-- Generated by org.testng.reporters.JUnitReportReporter -->
<testsuite hostname="DESKTOP-77DIHC5" failures="0" tests="3" name="testNGtestcase.MyFirstTestCase" time="0.026" errors="0" timestamp="2022-09-06T10:25:58 IST" skipped="0">
  <testcase classname="testNGtestcase.MyFirstTestCase" name="openurl" time="0.019"/>
  <system-out/>
  <testcase classname="testNGtestcase.MyFirstTestCase" name="login" time="0.003"/>
  <system-out/>
  <testcase classname="testNGtestcase.MyFirstTestCase" name="logout" time="0.004"/>
  <system-out/>
</testsuite> <!-- testNGtestcase.MyFirstTestCase -->
