<?xml version="1.0" encoding="UTF-8"?>
<!-- Generated by org.testng.reporters.JUnitReportReporter -->
<testsuite hostname="DESKTOP-77DIHC5" failures="0" tests="2" name="package1.Tc1" time="0.022" errors="0" timestamp="2022-08-19T10:35:51 IST" skipped="0">
  <testcase classname="package1.Tc1" name="m1" time="0.016"/>
  <system-out/>
  <testcase classname="package1.Tc1" name="m2" time="0.006"/>
  <system-out/>
</testsuite> <!-- package1.Tc1 -->
