<?xml version="1.0" encoding="UTF-8"?>
<!-- Generated by org.testng.reporters.JUnitReportReporter -->
<testsuite hostname="DESKTOP-77DIHC5" failures="0" tests="1" name="com.frameworks.testcases.Testcase_login2" time="14.384" errors="0" timestamp="2022-09-02T17:19:26 IST" skipped="0">
  <testcase classname="com.frameworks.testcases.Testcase_login2" name="login1" time="14.384"/>
  <system-out/>
</testsuite> <!-- com.frameworks.testcases.Testcase_login2 -->
